<?xml version="1.0" encoding="UTF-8"?>
<testng-results ignored="0" total="3" passed="3" failed="0" skipped="0">
  <reporter-output>
  </reporter-output>
  <suite started-at="2023-10-15T19:42:55 IST" name="Default suite" finished-at="2023-10-15T19:42:56 IST" duration-ms="1213">
    <groups>
    </groups>
    <test started-at="2023-10-15T19:42:55 IST" name="Default test" finished-at="2023-10-15T19:42:56 IST" duration-ms="1213">
      <class name="Testscripts.Excel">
        <test-method signature="ReadData(java.lang.String,java.lang.String,java.lang.String,java.lang.String,java.lang.String)[pri:0, instance:Testscripts.Excel@26275bef]" started-at="2023-10-15T19:42:56 IST" name="ReadData" data-provider="getData" finished-at="2023-10-15T19:42:56 IST" duration-ms="27" status="PASS">
          <params>
            <param index="0">
              <value>
                <![CDATA[100]]>
              </value>
            </param>
            <param index="1">
              <value>
                <![CDATA[Franklin]]>
              </value>
            </param>
            <param index="2">
              <value>
                <![CDATA[Developer]]>
              </value>
            </param>
            <param index="3">
              <value>
                <![CDATA[50000]]>
              </value>
            </param>
            <param index="4">
              <value>
                <![CDATA[IT]]>
              </value>
            </param>
          </params>
          <reporter-output>
          </reporter-output>
        </test-method> <!-- ReadData -->
        <test-method signature="ReadData(java.lang.String,java.lang.String,java.lang.String,java.lang.String,java.lang.String)[pri:0, instance:Testscripts.Excel@26275bef]" started-at="2023-10-15T19:42:56 IST" name="ReadData" data-provider="getData" finished-at="2023-10-15T19:42:56 IST" duration-ms="1" status="PASS">
          <params>
            <param index="0">
              <value>
                <![CDATA[101]]>
              </value>
            </param>
            <param index="1">
              <value>
                <![CDATA[Alex]]>
              </value>
            </param>
            <param index="2">
              <value>
                <![CDATA[Tester]]>
              </value>
            </param>
            <param index="3">
              <value>
                <![CDATA[30000]]>
              </value>
            </param>
            <param index="4">
              <value>
                <![CDATA[IT]]>
              </value>
            </param>
          </params>
          <reporter-output>
          </reporter-output>
        </test-method> <!-- ReadData -->
        <test-method signature="ReadData(java.lang.String,java.lang.String,java.lang.String,java.lang.String,java.lang.String)[pri:0, instance:Testscripts.Excel@26275bef]" started-at="2023-10-15T19:42:56 IST" name="ReadData" data-provider="getData" finished-at="2023-10-15T19:42:56 IST" duration-ms="0" status="PASS">
          <params>
            <param index="0">
              <value>
                <![CDATA[102]]>
              </value>
            </param>
            <param index="1">
              <value>
                <![CDATA[Angel]]>
              </value>
            </param>
            <param index="2">
              <value>
                <![CDATA[Analyst]]>
              </value>
            </param>
            <param index="3">
              <value>
                <![CDATA[40000]]>
              </value>
            </param>
            <param index="4">
              <value>
                <![CDATA[Finance]]>
              </value>
            </param>
          </params>
          <reporter-output>
          </reporter-output>
        </test-method> <!-- ReadData -->
      </class> <!-- Testscripts.Excel -->
    </test> <!-- Default test -->
  </suite> <!-- Default suite -->
</testng-results>
