<?xml version="1.0" encoding="UTF-8"?>
<testng-results ignored="0" total="3" passed="3" failed="0" skipped="0">
  <reporter-output>
  </reporter-output>
  <suite started-at="2023-10-17T00:21:00 IST" name="Suite" finished-at="2023-10-17T00:22:21 IST" duration-ms="81870">
    <groups>
    </groups>
    <test started-at="2023-10-17T00:21:00 IST" name="Test" finished-at="2023-10-17T00:22:21 IST" duration-ms="81870">
      <class name="TestScripts.TestNG">
        <test-method is-config="true" signature="Setup(java.lang.String)[pri:0, instance:TestScripts.TestNG@3c73951]" started-at="2023-10-17T00:21:00 IST" name="Setup" finished-at="2023-10-17T00:21:03 IST" duration-ms="3296" status="PASS">
          <params>
            <param index="0">
              <value>
                <![CDATA[edge]]>
              </value>
            </param>
          </params>
          <reporter-output>
          </reporter-output>
        </test-method> <!-- Setup -->
        <test-method signature="Search()[pri:1, instance:TestScripts.TestNG@3c73951]" started-at="2023-10-17T00:21:03 IST" name="Search" finished-at="2023-10-17T00:21:24 IST" duration-ms="20672" status="PASS">
          <reporter-output>
          </reporter-output>
        </test-method> <!-- Search -->
        <test-method is-config="true" signature="tearDown()[pri:0, instance:TestScripts.TestNG@3c73951]" started-at="2023-10-17T00:21:24 IST" name="tearDown" finished-at="2023-10-17T00:21:24 IST" duration-ms="334" status="PASS">
          <reporter-output>
          </reporter-output>
        </test-method> <!-- tearDown -->
        <test-method is-config="true" signature="Setup(java.lang.String)[pri:0, instance:TestScripts.TestNG@3c73951]" started-at="2023-10-17T00:21:24 IST" name="Setup" finished-at="2023-10-17T00:21:27 IST" duration-ms="2923" status="PASS">
          <params>
            <param index="0">
              <value>
                <![CDATA[edge]]>
              </value>
            </param>
          </params>
          <reporter-output>
          </reporter-output>
        </test-method> <!-- Setup -->
        <test-method signature="MyTrip()[pri:2, instance:TestScripts.TestNG@3c73951]" started-at="2023-10-17T00:21:27 IST" name="MyTrip" finished-at="2023-10-17T00:22:05 IST" duration-ms="38212" status="PASS">
          <reporter-output>
          </reporter-output>
        </test-method> <!-- MyTrip -->
        <test-method is-config="true" signature="tearDown()[pri:0, instance:TestScripts.TestNG@3c73951]" started-at="2023-10-17T00:22:05 IST" name="tearDown" finished-at="2023-10-17T00:22:05 IST" duration-ms="306" status="PASS">
          <reporter-output>
          </reporter-output>
        </test-method> <!-- tearDown -->
        <test-method is-config="true" signature="Setup(java.lang.String)[pri:0, instance:TestScripts.TestNG@3c73951]" started-at="2023-10-17T00:22:05 IST" name="Setup" finished-at="2023-10-17T00:22:08 IST" duration-ms="2646" status="PASS">
          <params>
            <param index="0">
              <value>
                <![CDATA[edge]]>
              </value>
            </param>
          </params>
          <reporter-output>
          </reporter-output>
        </test-method> <!-- Setup -->
        <test-method signature="GoogleSearch()[pri:3, instance:TestScripts.TestNG@3c73951]" started-at="2023-10-17T00:22:08 IST" name="GoogleSearch" finished-at="2023-10-17T00:22:21 IST" duration-ms="13023" status="PASS">
          <reporter-output>
          </reporter-output>
        </test-method> <!-- GoogleSearch -->
        <test-method is-config="true" signature="tearDown()[pri:0, instance:TestScripts.TestNG@3c73951]" started-at="2023-10-17T00:22:21 IST" name="tearDown" finished-at="2023-10-17T00:22:21 IST" duration-ms="265" status="PASS">
          <reporter-output>
          </reporter-output>
        </test-method> <!-- tearDown -->
      </class> <!-- TestScripts.TestNG -->
    </test> <!-- Test -->
  </suite> <!-- Suite -->
</testng-results>
