<?xml version="1.0" encoding="UTF-8"?>
<!-- Generated by org.testng.reporters.JUnitXMLReporter -->
<testsuite hostname="Deepan" failures="0" tests="3" name="Test" time="66.344" errors="0" timestamp="16 Oct 2023 19:36:49 GMT">
  <testcase classname="TestScripts.Maven_Program" name="AmazonPrice" time="12.368"/>
  <testcase classname="TestScripts.Maven_Program" name="MyTrip" time="33.081"/>
  <testcase classname="TestScripts.Maven_Program" name="GoogleSearch" time="11.239"/>
</testsuite> <!-- Test -->
