<?xml version="1.0" encoding="UTF-8"?>
<testsuite xmlns:xsi="http://www.w3.org/2001/XMLSchema-instance" xsi:noNamespaceSchemaLocation="https://maven.apache.org/surefire/maven-surefire-plugin/xsd/surefire-test-report-3.0.xsd" version="3.0" name="TestSuite" time="67.522" tests="3" errors="0" skipped="0" failures="0">
  <properties>
[...]
</properties>
  <testcase name="AmazonPrice" classname="TestScripts.Maven_Program" time="12.368">
    <system-out><![CDATA[50,999
]]></system-out>
    <system-err><![CDATA[SLF4J: No SLF4J providers were found.
SLF4J: Defaulting to no-operation (NOP) logger implementation
SLF4J: See https://www.slf4j.org/codes.html#noProviders for further details.
Starting Microsoft Edge WebDriver 118.0.2088.46 (175bd6acfc465368ac94f3eaef282fbbc53f9b96) on port 37809
To submit feedback, report a bug, or suggest new features, please visit https://github.com/MicrosoftEdge/EdgeWebDriver

Only local connections are allowed.
Please see https://aka.ms/WebDriverSecurity for suggestions on keeping Microsoft Edge WebDriver safe.

Microsoft Edge WebDriver was started successfully.
Oct 17, 2023 1:05:45 AM org.openqa.selenium.remote.ProtocolHandshake createSession
INFO: Detected dialect: W3C
]]></system-err>
  </testcase>
  <testcase name="MyTrip" classname="TestScripts.Maven_Program" time="33.082">
    <system-out><![CDATA[Flights from Hyderabad to Malmo, and back
Searched page is displayed
]]></system-out>
    <system-err><![CDATA[Starting Microsoft Edge WebDriver 118.0.2088.46 (175bd6acfc465368ac94f3eaef282fbbc53f9b96) on port 54928
To submit feedback, report a bug, or suggest new features, please visit https://github.com/MicrosoftEdge/EdgeWebDriver

Only local connections are allowed.
Please see https://aka.ms/WebDriverSecurity for suggestions on keeping Microsoft Edge WebDriver safe.

Microsoft Edge WebDriver was started successfully.
Oct 17, 2023 1:06:00 AM org.openqa.selenium.remote.ProtocolHandshake createSession
INFO: Detected dialect: W3C
]]></system-err>
  </testcase>
  <testcase name="GoogleSearch" classname="TestScripts.Maven_Program" time="11.239">
    <system-out><![CDATA[Number of links on Web Page :7
]]></system-out>
    <system-err><![CDATA[Starting Microsoft Edge WebDriver 118.0.2088.46 (175bd6acfc465368ac94f3eaef282fbbc53f9b96) on port 63625
To submit feedback, report a bug, or suggest new features, please visit https://github.com/MicrosoftEdge/EdgeWebDriver

Only local connections are allowed.
Please see https://aka.ms/WebDriverSecurity for suggestions on keeping Microsoft Edge WebDriver safe.

Microsoft Edge WebDriver was started successfully.
Oct 17, 2023 1:06:37 AM org.openqa.selenium.remote.ProtocolHandshake createSession
INFO: Detected dialect: W3C
]]></system-err>
  </testcase>
</testsuite>