<?xml version="1.0" encoding="UTF-8"?>
<testng-results total="3" passed="3" failed="0" skipped="0">
  <reporter-output>
  </reporter-output>
  <suite started-at="2023-10-16T19:35:42Z" name="Suite" finished-at="2023-10-16T19:36:49Z" duration-ms="66344">
    <groups>
    </groups>
    <test started-at="2023-10-16T19:35:42Z" name="Test" finished-at="2023-10-16T19:36:49Z" duration-ms="66344">
      <class name="TestScripts.Maven_Program">
        <test-method is-config="true" signature="Setup(java.lang.String)[pri:0, instance:TestScripts.Maven_Program@6c4980d3]" started-at="2023-10-17T01:05:42Z" name="Setup" finished-at="2023-10-17T01:05:45Z" duration-ms="3157" status="PASS">
          <params>
            <param index="0">
              <value>
                <![CDATA[edge]]>
              </value>
            </param>
          </params>
          <reporter-output>
          </reporter-output>
        </test-method> <!-- Setup -->
        <test-method signature="AmazonPrice()[pri:1, instance:TestScripts.Maven_Program@6c4980d3]" started-at="2023-10-17T01:05:45Z" name="AmazonPrice" finished-at="2023-10-17T01:05:58Z" duration-ms="12368" status="PASS">
          <reporter-output>
          </reporter-output>
        </test-method> <!-- AmazonPrice -->
        <test-method is-config="true" signature="tearDown()[pri:0, instance:TestScripts.Maven_Program@6c4980d3]" started-at="2023-10-17T01:05:58Z" name="tearDown" finished-at="2023-10-17T01:05:58Z" duration-ms="241" status="PASS">
          <reporter-output>
          </reporter-output>
        </test-method> <!-- tearDown -->
        <test-method is-config="true" signature="Setup(java.lang.String)[pri:0, instance:TestScripts.Maven_Program@6c4980d3]" started-at="2023-10-17T01:05:58Z" name="Setup" finished-at="2023-10-17T01:06:01Z" duration-ms="2523" status="PASS">
          <params>
            <param index="0">
              <value>
                <![CDATA[edge]]>
              </value>
            </param>
          </params>
          <reporter-output>
          </reporter-output>
        </test-method> <!-- Setup -->
        <test-method signature="MyTrip()[pri:2, instance:TestScripts.Maven_Program@6c4980d3]" started-at="2023-10-17T01:06:01Z" name="MyTrip" finished-at="2023-10-17T01:06:34Z" duration-ms="33081" status="PASS">
          <reporter-output>
          </reporter-output>
        </test-method> <!-- MyTrip -->
        <test-method is-config="true" signature="tearDown()[pri:0, instance:TestScripts.Maven_Program@6c4980d3]" started-at="2023-10-17T01:06:34Z" name="tearDown" finished-at="2023-10-17T01:06:34Z" duration-ms="318" status="PASS">
          <reporter-output>
          </reporter-output>
        </test-method> <!-- tearDown -->
        <test-method is-config="true" signature="Setup(java.lang.String)[pri:0, instance:TestScripts.Maven_Program@6c4980d3]" started-at="2023-10-17T01:06:34Z" name="Setup" finished-at="2023-10-17T01:06:37Z" duration-ms="2973" status="PASS">
          <params>
            <param index="0">
              <value>
                <![CDATA[edge]]>
              </value>
            </param>
          </params>
          <reporter-output>
          </reporter-output>
        </test-method> <!-- Setup -->
        <test-method signature="GoogleSearch()[pri:3, instance:TestScripts.Maven_Program@6c4980d3]" started-at="2023-10-17T01:06:37Z" name="GoogleSearch" finished-at="2023-10-17T01:06:48Z" duration-ms="11239" status="PASS">
          <reporter-output>
          </reporter-output>
        </test-method> <!-- GoogleSearch -->
        <test-method is-config="true" signature="tearDown()[pri:0, instance:TestScripts.Maven_Program@6c4980d3]" started-at="2023-10-17T01:06:48Z" name="tearDown" finished-at="2023-10-17T01:06:49Z" duration-ms="325" status="PASS">
          <reporter-output>
          </reporter-output>
        </test-method> <!-- tearDown -->
      </class> <!-- TestScripts.Maven_Program -->
    </test> <!-- Test -->
  </suite> <!-- Suite -->
</testng-results>
